<?xml version="1.0" encoding="UTF-8"?>
<!-- Generated by org.testng.reporters.JUnitXMLReporter -->
<testsuite hostname="asda0101" ignored="0" name="Default test" tests="5" failures="0" timestamp="28 Jun 2018 10:58:09 GMT" time="22.132" errors="0">
  <testcase name="step1_advanceclick" time="0.434" classname="com.qait.automation.tatoc_advance_maven.NewTest"/>
  <testcase name="step2_menu" time="0.041" classname="com.qait.automation.tatoc_advance_maven.NewTest"/>
  <testcase name="step2_ishovering_performed" time="0.388" classname="com.qait.automation.tatoc_advance_maven.NewTest"/>
  <testcase name="step3check_connectivity" time="0.348" classname="com.qait.automation.tatoc_advance_maven.NewTest"/>
  <testcase name="step3queryprocess" time="0.956" classname="com.qait.automation.tatoc_advance_maven.NewTest"/>
</testsuite> <!-- Default test -->
